<?xml version="1.0" encoding="UTF-8"?>
<testsuite name="TestSuite" time="17.457" tests="4" errors="0" skipped="0" failures="1">
  <properties>
[...]
</properties>
  <testcase name="verifyApiStatus" classname="org.quinnox.testautomation.verifyapistatus.VerifyRestApiStatus" time="0.938"/>
  <testcase name="verifyPostRequest" classname="org.quinnox.testautomation.verifypostrequest.VerifyPostRequestTest" time="2.438"/>
  <testcase name="validateDataTest" classname="org.quinnox.testautomation.validatedatatest.ValidateDataTest" time="12.969"/>
  <testcase name="verifyInvalidPostRequest" classname="org.quinnox.testautomation.postinvalidrequest.VerifyInvalidPostRequestTest" time="1.112">
    <failure message="POSTING TO API IS FAILED! CHECK YOUR INPUT JSON expected [202] but found [200]" type="java.lang.AssertionError">java.lang.AssertionError: POSTING TO API IS FAILED! CHECK YOUR INPUT JSON expected [202] but found [200]
	at org.testng.Assert.fail(Assert.java:94)
	at org.testng.Assert.failNotEquals(Assert.java:496)
	at org.testng.Assert.assertEquals(Assert.java:125)
	at org.testng.Assert.assertEquals(Assert.java:372)
	at org.quinnox.testautomation.postinvalidrequest.VerifyInvalidPostRequestTest.verifyInvalidPostRequest(VerifyInvalidPostRequestTest.java:46)
</failure>
  </testcase>
</testsuite>