<?xml version="1.0" encoding="UTF-8"?>
<!-- Generated by org.testng.reporters.JUnitXMLReporter -->
<testsuite hostname="narayanlt-01" name="Test" tests="4" failures="1" timestamp="22 May 2016 15:56:02 GMT" time="17.56" errors="0">
  <testcase name="verifyApiStatus" time="0.947" classname="org.quinnox.testautomation.verifyapistatus.VerifyRestApiStatus"/>
  <testcase name="verifyPostRequest" time="2.463" classname="org.quinnox.testautomation.verifypostrequest.VerifyPostRequestTest"/>
  <testcase name="validateDataTest" time="12.968" classname="org.quinnox.testautomation.validatedatatest.ValidateDataTest"/>
  <testcase name="verifyInvalidPostRequest" time="1.081" classname="org.quinnox.testautomation.postinvalidrequest.VerifyInvalidPostRequestTest">
    <failure type="java.lang.AssertionError" message="POSTING TO API IS FAILED! CHECK YOUR INPUT JSON expected [202] but found [200]">
      <![CDATA[java.lang.AssertionError: POSTING TO API IS FAILED! CHECK YOUR INPUT JSON expected [202] but found [200]
	at org.quinnox.testautomation.postinvalidrequest.VerifyInvalidPostRequestTest.verifyInvalidPostRequest(VerifyInvalidPostRequestTest.java:46)
... Removed 37 stack frames]]>
    </failure>
  </testcase> <!-- verifyInvalidPostRequest -->
</testsuite> <!-- Test -->
