<?xml version="1.0" encoding="UTF-8"?>
<!-- Generated by org.testng.reporters.JUnitXMLReporter -->
<testsuite hostname="ilcwcxa301" name="Test" tests="3" failures="0" timestamp="11 May 2016 20:03:13 GMT" time="5.112" errors="0">
  <testcase name="verifyApiStatus" time="0.204" classname="org.quinnox.testautomation.verifyapistatus.VerifyRestApiStatus"/>
  <testcase name="verifyPostRequest" time="1.415" classname="org.quinnox.testautomation.verifypostrequest.VerifyPostRequestTest"/>
  <testcase name="validateDataTest" time="3.458" classname="org.quinnox.testautomation.validatedatatest.ValidateDataTest"/>
</testsuite> <!-- Test -->
