<?xml version="1.0" encoding="UTF-8"?>
<testng-results skipped="0" failed="1" total="5" passed="4">
  <reporter-output>
  </reporter-output>
  <suite name="Suite" duration-ms="12086" started-at="2016-05-23T12:23:26Z" finished-at="2016-05-23T12:23:38Z">
    <groups>
    </groups>
    <test name="Test" duration-ms="12086" started-at="2016-05-23T12:23:26Z" finished-at="2016-05-23T12:23:38Z">
      <class name="org.quinnox.testautomation.validatedatatest.ValidateDataTest">
        <test-method status="PASS" signature="initialize()[pri:0, instance:org.quinnox.testautomation.validatedatatest.ValidateDataTest@21b56b0b]" name="initialize" is-config="true" duration-ms="0" started-at="2016-05-23T17:53:33Z" finished-at="2016-05-23T17:53:33Z">
          <reporter-output>
          </reporter-output>
        </test-method> <!-- initialize -->
        <test-method status="PASS" signature="validateDataTest()[pri:0, instance:org.quinnox.testautomation.validatedatatest.ValidateDataTest@21b56b0b]" name="validateDataTest" duration-ms="3497" started-at="2016-05-23T17:53:33Z" finished-at="2016-05-23T17:53:37Z">
          <reporter-output>
          </reporter-output>
        </test-method> <!-- validateDataTest -->
      </class> <!-- org.quinnox.testautomation.validatedatatest.ValidateDataTest -->
      <class name="org.quinnox.testautomation.verifypostrequest.VerifyPostRequestTest">
        <test-method status="PASS" signature="configBeforeClass()[pri:0, instance:org.quinnox.testautomation.verifypostrequest.VerifyPostRequestTest@2b69801]" name="configBeforeClass" is-config="true" duration-ms="1" started-at="2016-05-23T17:53:30Z" finished-at="2016-05-23T17:53:30Z">
          <reporter-output>
          </reporter-output>
        </test-method> <!-- configBeforeClass -->
        <test-method status="PASS" signature="verifyPostRequest()[pri:0, instance:org.quinnox.testautomation.verifypostrequest.VerifyPostRequestTest@2b69801]" name="verifyPostRequest" duration-ms="2808" started-at="2016-05-23T17:53:30Z" finished-at="2016-05-23T17:53:33Z">
          <reporter-output>
          </reporter-output>
        </test-method> <!-- verifyPostRequest -->
      </class> <!-- org.quinnox.testautomation.verifypostrequest.VerifyPostRequestTest -->
      <class name="org.quinnox.testautomation.verifyapistatus.VerifyRestApiStatus">
        <test-method status="PASS" signature="configBeforeClass()[pri:0, instance:org.quinnox.testautomation.verifyapistatus.VerifyRestApiStatus@5ab5b91]" name="configBeforeClass" is-config="true" duration-ms="9" started-at="2016-05-23T17:53:30Z" finished-at="2016-05-23T17:53:30Z">
          <reporter-output>
          </reporter-output>
        </test-method> <!-- configBeforeClass -->
        <test-method status="PASS" signature="verifyApiStatus()[pri:0, instance:org.quinnox.testautomation.verifyapistatus.VerifyRestApiStatus@5ab5b91]" name="verifyApiStatus" duration-ms="733" started-at="2016-05-23T17:53:30Z" finished-at="2016-05-23T17:53:30Z">
          <reporter-output>
          </reporter-output>
        </test-method> <!-- verifyApiStatus -->
      </class> <!-- org.quinnox.testautomation.verifyapistatus.VerifyRestApiStatus -->
      <class name="org.quinnox.testautomation.verifylineitems.ValidateLineItems">
        <test-method status="PASS" signature="init()[pri:0, instance:org.quinnox.testautomation.verifylineitems.ValidateLineItems@752329fa]" name="init" is-config="true" duration-ms="77" started-at="2016-05-23T17:53:26Z" finished-at="2016-05-23T17:53:26Z">
          <reporter-output>
          </reporter-output>
        </test-method> <!-- init -->
        <test-method status="PASS" signature="comparisonOfLineItems()[pri:0, instance:org.quinnox.testautomation.verifylineitems.ValidateLineItems@752329fa]" name="comparisonOfLineItems" duration-ms="3877" started-at="2016-05-23T17:53:26Z" finished-at="2016-05-23T17:53:30Z">
          <reporter-output>
          </reporter-output>
        </test-method> <!-- comparisonOfLineItems -->
      </class> <!-- org.quinnox.testautomation.verifylineitems.ValidateLineItems -->
      <class name="org.quinnox.testautomation.postinvalidrequest.VerifyInvalidPostRequestTest">
        <test-method status="PASS" signature="configBeforeClass()[pri:0, instance:org.quinnox.testautomation.postinvalidrequest.VerifyInvalidPostRequestTest@d86b077]" name="configBeforeClass" is-config="true" duration-ms="0" started-at="2016-05-23T17:53:37Z" finished-at="2016-05-23T17:53:37Z">
          <reporter-output>
          </reporter-output>
        </test-method> <!-- configBeforeClass -->
        <test-method status="FAIL" signature="verifyInvalidPostRequest()[pri:0, instance:org.quinnox.testautomation.postinvalidrequest.VerifyInvalidPostRequestTest@d86b077]" name="verifyInvalidPostRequest" duration-ms="1031" started-at="2016-05-23T17:53:37Z" finished-at="2016-05-23T17:53:38Z">
          <exception class="java.lang.AssertionError">
            <message>
              <![CDATA[POSTING TO API IS FAILED! CHECK YOUR INPUT JSON expected [202] but found [200]]]>
            </message>
            <full-stacktrace>
              <![CDATA[java.lang.AssertionError: POSTING TO API IS FAILED! CHECK YOUR INPUT JSON expected [202] but found [200]
	at org.testng.Assert.fail(Assert.java:94)
	at org.testng.Assert.failNotEquals(Assert.java:496)
	at org.testng.Assert.assertEquals(Assert.java:125)
	at org.testng.Assert.assertEquals(Assert.java:372)
	at org.quinnox.testautomation.postinvalidrequest.VerifyInvalidPostRequestTest.verifyInvalidPostRequest(VerifyInvalidPostRequestTest.java:46)
	at sun.reflect.NativeMethodAccessorImpl.invoke0(Native Method)
	at sun.reflect.NativeMethodAccessorImpl.invoke(Unknown Source)
	at sun.reflect.DelegatingMethodAccessorImpl.invoke(Unknown Source)
	at java.lang.reflect.Method.invoke(Unknown Source)
	at org.testng.internal.MethodInvocationHelper.invokeMethod(MethodInvocationHelper.java:85)
	at org.testng.internal.Invoker.invokeMethod(Invoker.java:659)
	at org.testng.internal.Invoker.invokeTestMethod(Invoker.java:845)
	at org.testng.internal.Invoker.invokeTestMethods(Invoker.java:1153)
	at org.testng.internal.TestMethodWorker.invokeTestMethods(TestMethodWorker.java:125)
	at org.testng.internal.TestMethodWorker.run(TestMethodWorker.java:108)
	at org.testng.TestRunner.privateRun(TestRunner.java:771)
	at org.testng.TestRunner.run(TestRunner.java:621)
	at org.testng.SuiteRunner.runTest(SuiteRunner.java:357)
	at org.testng.SuiteRunner.runSequentially(SuiteRunner.java:352)
	at org.testng.SuiteRunner.privateRun(SuiteRunner.java:310)
	at org.testng.SuiteRunner.run(SuiteRunner.java:259)
	at org.testng.SuiteRunnerWorker.runSuite(SuiteRunnerWorker.java:52)
	at org.testng.SuiteRunnerWorker.run(SuiteRunnerWorker.java:86)
	at org.testng.TestNG.runSuitesSequentially(TestNG.java:1199)
	at org.testng.TestNG.runSuitesLocally(TestNG.java:1124)
	at org.testng.TestNG.run(TestNG.java:1032)
	at org.testng.remote.AbstractRemoteTestNG.run(AbstractRemoteTestNG.java:126)
	at org.testng.remote.RemoteTestNG.initAndRun(RemoteTestNG.java:137)
	at org.testng.remote.RemoteTestNG.main(RemoteTestNG.java:58)
]]>
            </full-stacktrace>
          </exception> <!-- java.lang.AssertionError -->
          <reporter-output>
          </reporter-output>
        </test-method> <!-- verifyInvalidPostRequest -->
      </class> <!-- org.quinnox.testautomation.postinvalidrequest.VerifyInvalidPostRequestTest -->
    </test> <!-- Test -->
  </suite> <!-- Suite -->
</testng-results>
