<?xml version="1.0" encoding="UTF-8"?>
<!-- Generated by org.testng.reporters.JUnitXMLReporter -->
<testsuite hostname="narayanlt-01" name="Test" tests="5" failures="1" timestamp="23 May 2016 12:23:38 GMT" time="12.086" errors="0">
  <testcase name="comparisonOfLineItems" time="3.877" classname="org.quinnox.testautomation.verifylineitems.ValidateLineItems"/>
  <testcase name="verifyApiStatus" time="0.733" classname="org.quinnox.testautomation.verifyapistatus.VerifyRestApiStatus"/>
  <testcase name="verifyPostRequest" time="2.808" classname="org.quinnox.testautomation.verifypostrequest.VerifyPostRequestTest"/>
  <testcase name="validateDataTest" time="3.497" classname="org.quinnox.testautomation.validatedatatest.ValidateDataTest"/>
  <testcase name="verifyInvalidPostRequest" time="1.031" classname="org.quinnox.testautomation.postinvalidrequest.VerifyInvalidPostRequestTest">
    <failure type="java.lang.AssertionError" message="POSTING TO API IS FAILED! CHECK YOUR INPUT JSON expected [202] but found [200]">
      <![CDATA[java.lang.AssertionError: POSTING TO API IS FAILED! CHECK YOUR INPUT JSON expected [202] but found [200]
	at org.quinnox.testautomation.postinvalidrequest.VerifyInvalidPostRequestTest.verifyInvalidPostRequest(VerifyInvalidPostRequestTest.java:46)
... Removed 28 stack frames]]>
    </failure>
  </testcase> <!-- verifyInvalidPostRequest -->
</testsuite> <!-- Test -->
